[debug] [2023-03-06T16:58:21.802Z] ----------------------------------------------------------------------
[debug] [2023-03-06T16:58:21.806Z] Command:       C:\Program Files\nodejs\node.exe C:\Users\User\AppData\Roaming\npm\node_modules\firebase-tools\lib\bin\firebase.js deploy
[debug] [2023-03-06T16:58:21.807Z] CLI Version:   11.21.0
[debug] [2023-03-06T16:58:21.807Z] Platform:      win32
[debug] [2023-03-06T16:58:21.807Z] Node Version:  v16.17.0
[debug] [2023-03-06T16:58:21.809Z] Time:          Mon Mar 06 2023 16:58:21 GMT+0000 (Greenwich Mean Time)
[debug] [2023-03-06T16:58:21.810Z] ----------------------------------------------------------------------
[debug] 
[debug] [2023-03-06T16:58:21.931Z] > command requires scopes: ["email","openid","https://www.googleapis.com/auth/cloudplatformprojects.readonly","https://www.googleapis.com/auth/firebase","https://www.googleapis.com/auth/cloud-platform"]
[debug] [2023-03-06T16:58:21.932Z] > authorizing via signed-in user (gavindave1984@gmail.com)
[debug] [2023-03-06T16:58:21.932Z] [iam] checking project trp-developement for permissions ["cloudfunctions.functions.create","cloudfunctions.functions.delete","cloudfunctions.functions.get","cloudfunctions.functions.list","cloudfunctions.functions.update","cloudfunctions.operations.get","datastore.indexes.create","datastore.indexes.delete","datastore.indexes.list","datastore.indexes.update","firebase.projects.get","firebasehosting.sites.update"]
[debug] [2023-03-06T16:58:21.936Z] >>> [apiv2][query] POST https://cloudresourcemanager.googleapis.com/v1/projects/trp-developement:testIamPermissions [none]
[debug] [2023-03-06T16:58:21.936Z] >>> [apiv2][(partial)header] POST https://cloudresourcemanager.googleapis.com/v1/projects/trp-developement:testIamPermissions x-goog-quota-user=projects/trp-developement
[debug] [2023-03-06T16:58:21.937Z] >>> [apiv2][body] POST https://cloudresourcemanager.googleapis.com/v1/projects/trp-developement:testIamPermissions {"permissions":["cloudfunctions.functions.create","cloudfunctions.functions.delete","cloudfunctions.functions.get","cloudfunctions.functions.list","cloudfunctions.functions.update","cloudfunctions.operations.get","datastore.indexes.create","datastore.indexes.delete","datastore.indexes.list","datastore.indexes.update","firebase.projects.get","firebasehosting.sites.update"]}
[debug] [2023-03-06T16:58:23.231Z] <<< [apiv2][status] POST https://cloudresourcemanager.googleapis.com/v1/projects/trp-developement:testIamPermissions 200
[debug] [2023-03-06T16:58:23.232Z] <<< [apiv2][body] POST https://cloudresourcemanager.googleapis.com/v1/projects/trp-developement:testIamPermissions {"permissions":["cloudfunctions.functions.create","cloudfunctions.functions.delete","cloudfunctions.functions.get","cloudfunctions.functions.list","cloudfunctions.functions.update","cloudfunctions.operations.get","datastore.indexes.create","datastore.indexes.delete","datastore.indexes.list","datastore.indexes.update","firebase.projects.get","firebasehosting.sites.update"]}
[debug] [2023-03-06T16:58:23.234Z] >>> [apiv2][query] POST https://iam.googleapis.com/v1/projects/trp-developement/serviceAccounts/trp-developement@appspot.gserviceaccount.com:testIamPermissions [none]
[debug] [2023-03-06T16:58:23.234Z] >>> [apiv2][body] POST https://iam.googleapis.com/v1/projects/trp-developement/serviceAccounts/trp-developement@appspot.gserviceaccount.com:testIamPermissions {"permissions":["iam.serviceAccounts.actAs"]}
[debug] [2023-03-06T16:58:23.824Z] <<< [apiv2][status] POST https://iam.googleapis.com/v1/projects/trp-developement/serviceAccounts/trp-developement@appspot.gserviceaccount.com:testIamPermissions 200
[debug] [2023-03-06T16:58:23.825Z] <<< [apiv2][body] POST https://iam.googleapis.com/v1/projects/trp-developement/serviceAccounts/trp-developement@appspot.gserviceaccount.com:testIamPermissions {"permissions":["iam.serviceAccounts.actAs"]}
[debug] [2023-03-06T16:58:23.829Z] >>> [apiv2][query] GET https://firebase.googleapis.com/v1beta1/projects/trp-developement [none]
[debug] [2023-03-06T16:58:24.897Z] <<< [apiv2][status] GET https://firebase.googleapis.com/v1beta1/projects/trp-developement 200
[debug] [2023-03-06T16:58:24.898Z] <<< [apiv2][body] GET https://firebase.googleapis.com/v1beta1/projects/trp-developement {"projectId":"trp-developement","projectNumber":"1033564104537","displayName":"TRP-Developement","name":"projects/trp-developement","resources":{"hostingSite":"trp-developement","storageBucket":"trp-developement.appspot.com","locationId":"europe-west"},"state":"ACTIVE","etag":"1_e50dc7d9-326c-4537-8f06-f154fcd31329"}
[info] 
[info] === Deploying to 'trp-developement'...
[info] 
[info] i  deploying firestore, functions, hosting 
[info] i  firestore: reading indexes from firestore.indexes.json... 
[info] i  cloud.firestore: checking firestore.rules for compilation errors... 
[debug] [2023-03-06T16:58:24.919Z] >>> [apiv2][query] POST https://firebaserules.googleapis.com/v1/projects/trp-developement:test [none]
[debug] [2023-03-06T16:58:24.920Z] >>> [apiv2][body] POST https://firebaserules.googleapis.com/v1/projects/trp-developement:test [omitted]
[debug] [2023-03-06T16:58:25.731Z] <<< [apiv2][status] POST https://firebaserules.googleapis.com/v1/projects/trp-developement:test 200
[debug] [2023-03-06T16:58:25.731Z] <<< [apiv2][body] POST https://firebaserules.googleapis.com/v1/projects/trp-developement:test {}
[info] +  cloud.firestore: rules file firestore.rules compiled successfully 
[debug] [2023-03-06T16:58:25.737Z] >>> [apiv2][query] GET https://firebase.googleapis.com/v1beta1/projects/trp-developement [none]
[debug] [2023-03-06T16:58:26.321Z] <<< [apiv2][status] GET https://firebase.googleapis.com/v1beta1/projects/trp-developement 200
[debug] [2023-03-06T16:58:26.322Z] <<< [apiv2][body] GET https://firebase.googleapis.com/v1beta1/projects/trp-developement {"projectId":"trp-developement","projectNumber":"1033564104537","displayName":"TRP-Developement","name":"projects/trp-developement","resources":{"hostingSite":"trp-developement","storageBucket":"trp-developement.appspot.com","locationId":"europe-west"},"state":"ACTIVE","etag":"1_e50dc7d9-326c-4537-8f06-f154fcd31329"}
[info] i  functions: preparing codebase default for deployment 
[info] i  functions: ensuring required API cloudfunctions.googleapis.com is enabled... 
[info] i  functions: ensuring required API cloudbuild.googleapis.com is enabled... 
[info] i  artifactregistry: ensuring required API artifactregistry.googleapis.com is enabled... 
[debug] [2023-03-06T16:58:26.338Z] >>> [apiv2][query] GET https://serviceusage.googleapis.com/v1/projects/trp-developement/services/cloudfunctions.googleapis.com [none]
[debug] [2023-03-06T16:58:26.339Z] >>> [apiv2][(partial)header] GET https://serviceusage.googleapis.com/v1/projects/trp-developement/services/cloudfunctions.googleapis.com x-goog-quota-user=projects/trp-developement
[debug] [2023-03-06T16:58:26.343Z] >>> [apiv2][query] GET https://serviceusage.googleapis.com/v1/projects/trp-developement/services/runtimeconfig.googleapis.com [none]
[debug] [2023-03-06T16:58:26.343Z] >>> [apiv2][(partial)header] GET https://serviceusage.googleapis.com/v1/projects/trp-developement/services/runtimeconfig.googleapis.com x-goog-quota-user=projects/trp-developement
[debug] [2023-03-06T16:58:26.348Z] >>> [apiv2][query] GET https://serviceusage.googleapis.com/v1/projects/trp-developement/services/cloudbuild.googleapis.com [none]
[debug] [2023-03-06T16:58:26.348Z] >>> [apiv2][(partial)header] GET https://serviceusage.googleapis.com/v1/projects/trp-developement/services/cloudbuild.googleapis.com x-goog-quota-user=projects/trp-developement
[debug] [2023-03-06T16:58:26.351Z] >>> [apiv2][query] GET https://serviceusage.googleapis.com/v1/projects/trp-developement/services/artifactregistry.googleapis.com [none]
[debug] [2023-03-06T16:58:26.352Z] >>> [apiv2][(partial)header] GET https://serviceusage.googleapis.com/v1/projects/trp-developement/services/artifactregistry.googleapis.com x-goog-quota-user=projects/trp-developement
[debug] [2023-03-06T16:58:27.491Z] <<< [apiv2][status] GET https://serviceusage.googleapis.com/v1/projects/trp-developement/services/cloudfunctions.googleapis.com 200
[debug] [2023-03-06T16:58:27.492Z] <<< [apiv2][body] GET https://serviceusage.googleapis.com/v1/projects/trp-developement/services/cloudfunctions.googleapis.com [omitted]
[info] +  functions: required API cloudfunctions.googleapis.com is enabled 
[debug] [2023-03-06T16:58:27.497Z] <<< [apiv2][status] GET https://serviceusage.googleapis.com/v1/projects/trp-developement/services/runtimeconfig.googleapis.com 200
[debug] [2023-03-06T16:58:27.498Z] <<< [apiv2][body] GET https://serviceusage.googleapis.com/v1/projects/trp-developement/services/runtimeconfig.googleapis.com [omitted]
[debug] [2023-03-06T16:58:27.528Z] <<< [apiv2][status] GET https://serviceusage.googleapis.com/v1/projects/trp-developement/services/artifactregistry.googleapis.com 200
[debug] [2023-03-06T16:58:27.528Z] <<< [apiv2][body] GET https://serviceusage.googleapis.com/v1/projects/trp-developement/services/artifactregistry.googleapis.com [omitted]
[info] +  artifactregistry: required API artifactregistry.googleapis.com is enabled 
[debug] [2023-03-06T16:58:27.538Z] <<< [apiv2][status] GET https://serviceusage.googleapis.com/v1/projects/trp-developement/services/cloudbuild.googleapis.com 200
[debug] [2023-03-06T16:58:27.540Z] <<< [apiv2][body] GET https://serviceusage.googleapis.com/v1/projects/trp-developement/services/cloudbuild.googleapis.com [omitted]
[info] +  functions: required API cloudbuild.googleapis.com is enabled 
[debug] [2023-03-06T16:58:27.569Z] >>> [apiv2][query] GET https://firebase.googleapis.com/v1beta1/projects/trp-developement/adminSdkConfig [none]
[debug] [2023-03-06T16:58:27.992Z] <<< [apiv2][status] GET https://firebase.googleapis.com/v1beta1/projects/trp-developement/adminSdkConfig 200
[debug] [2023-03-06T16:58:27.992Z] <<< [apiv2][body] GET https://firebase.googleapis.com/v1beta1/projects/trp-developement/adminSdkConfig {"projectId":"trp-developement","storageBucket":"trp-developement.appspot.com","locationId":"europe-west"}
[debug] [2023-03-06T16:58:27.994Z] >>> [apiv2][query] GET https://runtimeconfig.googleapis.com/v1beta1/projects/trp-developement/configs [none]
[debug] [2023-03-06T16:58:28.617Z] <<< [apiv2][status] GET https://runtimeconfig.googleapis.com/v1beta1/projects/trp-developement/configs 200
[debug] [2023-03-06T16:58:28.618Z] <<< [apiv2][body] GET https://runtimeconfig.googleapis.com/v1beta1/projects/trp-developement/configs {}
[debug] [2023-03-06T16:58:28.626Z] Validating nodejs source
[warn] !  functions: package.json indicates an outdated version of firebase-functions. Please upgrade using npm install --save firebase-functions@latest in your functions directory. 
[warn] !  functions: Please note that there will be breaking changes when you upgrade. 
[debug] [2023-03-06T16:58:31.805Z] > [functions] package.json contents: {
  "name": "functions",
  "description": "Cloud Functions for Firebase",
  "scripts": {
    "serve": "firebase emulators:start --only functions",
    "shell": "firebase functions:shell",
    "start": "npm run shell",
    "deploy": "firebase deploy --only functions",
    "logs": "firebase functions:log"
  },
  "engines": {
    "node": "16"
  },
  "main": "index.js",
  "dependencies": {
    "firebase-admin": "^10.0.2",
    "firebase-functions": "^3.18.0"
  },
  "devDependencies": {
    "firebase-functions-test": "^0.2.0"
  },
  "private": true
}
[debug] [2023-03-06T16:58:31.806Z] Building nodejs source
[debug] [2023-03-06T16:58:31.807Z] Could not find functions.yaml. Must use http discovery
[debug] [2023-03-06T16:58:32.231Z] Serving at port 9005

[debug] [2023-03-06T16:58:32.386Z] Got response from /__/functions.yaml {"endpoints":{"sendNotificationEmail":{"platform":"gcfv1","eventTrigger":{"eventType":"providers/cloud.firestore/eventTypes/document.create","eventFilters":{"resource":"projects/trp-developement/databases/(default)/documents/Clinics/{clinicId}"},"retry":false},"labels":{},"entryPoint":"sendNotificationEmail"},"addDefaultUserClaims":{"platform":"gcfv1","eventTrigger":{"eventType":"providers/cloud.firestore/eventTypes/document.create","eventFilters":{"resource":"projects/trp-developement/databases/(default)/documents/Users/{userId}"},"retry":false},"labels":{},"entryPoint":"addDefaultUserClaims"},"modifyUserClaims":{"platform":"gcfv1","eventTrigger":{"eventType":"providers/cloud.firestore/eventTypes/document.update","eventFilters":{"resource":"projects/trp-developement/databases/(default)/documents/Users/{userId}/Restricted/Details"},"retry":false},"labels":{},"entryPoint":"modifyUserClaims"},"updateUserAuthDetails":{"platform":"gcfv1","eventTrigger":{"eventType":"providers/cloud.firestore/eventTypes/document.update","eventFilters":{"resource":"projects/trp-developement/databases/(default)/documents/Users/{userId}"},"retry":false},"labels":{},"entryPoint":"updateUserAuthDetails"}},"specVersion":"v1alpha1","requiredAPIs":[]}
[debug] [2023-03-06T16:58:32.400Z] shutdown requested via /__/quitquitquit

[info] i  functions: preparing functions directory for uploading... 
[info] i  functions: packaged C:\Users\User\trp-serviceprovider_2\functions (56.09 KB) for uploading 
[debug] [2023-03-06T16:58:32.490Z] >>> [apiv2][query] GET https://cloudfunctions.googleapis.com/v1/projects/trp-developement/locations/-/functions [none]
[debug] [2023-03-06T16:58:33.074Z] <<< [apiv2][status] GET https://cloudfunctions.googleapis.com/v1/projects/trp-developement/locations/-/functions 200
[debug] [2023-03-06T16:58:33.074Z] <<< [apiv2][body] GET https://cloudfunctions.googleapis.com/v1/projects/trp-developement/locations/-/functions {"functions":[{"name":"projects/trp-developement/locations/europe-west2/functions/ext-firestore-send-email-processQueue","description":"Processes document changes in the specified Cloud Firestore collection, delivers emails, and updates the document with delivery status information.","sourceArchiveUrl":"gs://firebase-mod-sources-prod/ac863cc3a91a41ba0679d955d8bdaa4ba64eaac17f122e10ad911db902a4b4d2","eventTrigger":{"eventType":"providers/cloud.firestore/eventTypes/document.write","resource":"projects/trp-developement/databases/(default)/documents/Mail/{id}","service":"firestore.googleapis.com","failurePolicy":{}},"status":"ACTIVE","entryPoint":"processQueue","timeout":"60s","availableMemoryMb":256,"serviceAccountEmail":"ext-firestore-send-email@trp-developement.iam.gserviceaccount.com","updateTime":"2023-03-06T12:02:00.155Z","versionId":"2","labels":{"firebase-extensions-ar":"enabled","goog-dm":"firebase-ext-firestore-send-email","goog-firebase-ext":"firestore-send-email","deployment-tool":"firebase-extensions","goog-firebase-ext-iid":"firestore-send-email"},"environmentVariables":{"DATABASE_INSTANCE":"","DATABASE_URL":"","DEFAULT_FROM":"TrpRapidTesting@gmail.com","EXT_INSTANCE_ID":"firestore-send-email","FIREBASE_CONFIG":"{\"projectId\":\"trp-developement\",\"databaseURL\":\"\",\"storageBucket\":\"trp-developement.appspot.com\"}","GCLOUD_PROJECT":"trp-developement","LOCATION":"europe-west2","MAIL_COLLECTION":"Mail","PROJECT_ID":"trp-developement","SMTP_CONNECTION_URI":"smtps://TrpRapidTesting@gmail.com:TheRainbowProject1@smtp.gmail.com:465","STORAGE_BUCKET":"trp-developement.appspot.com","TTL_EXPIRE_TYPE":"never","TTL_EXPIRE_VALUE":"1","USERS_COLLECTION":"Users"},"runtime":"nodejs14","maxInstances":3000,"ingressSettings":"ALLOW_INTERNAL_ONLY","buildId":"e511fca3-d198-4ac8-9e32-f323aaf975c9","secretEnvironmentVariables":[{"key":"SMTP_PASSWORD","projectId":"1033564104537","secret":"firestore-send-email-SMTP_PASSWORD-9pmk","version":"1"}],"buildName":"projects/1033564104537/locations/europe-west2/builds/e511fca3-d198-4ac8-9e32-f323aaf975c9","dockerRegistry":"ARTIFACT_REGISTRY"},{"name":"projects/trp-developement/locations/us-central1/functions/addDefaultUserClaims","eventTrigger":{"eventType":"providers/cloud.firestore/eventTypes/document.create","resource":"projects/trp-developement/databases/(default)/documents/Users/{userId}","service":"firestore.googleapis.com","failurePolicy":{}},"status":"ACTIVE","entryPoint":"addDefaultUserClaims","timeout":"60s","availableMemoryMb":256,"serviceAccountEmail":"trp-developement@appspot.gserviceaccount.com","updateTime":"2023-03-06T15:16:30.036Z","versionId":"19","labels":{"deployment-tool":"cli-firebase","firebase-functions-hash":"ccadb58f4a9888f21affbe967774e47294d0d902"},"sourceUploadUrl":"https://storage.googleapis.com/uploads-470454419165.us-central1.cloudfunctions.appspot.com/e07fda13-f9f4-447c-a01f-64270ba51682.zip","environmentVariables":{"FIREBASE_CONFIG":"{\"projectId\":\"trp-developement\",\"storageBucket\":\"trp-developement.appspot.com\",\"locationId\":\"europe-west\"}","GCLOUD_PROJECT":"trp-developement","EVENTARC_CLOUD_EVENT_SOURCE":"projects/trp-developement/locations/us-central1/functions/updateUserAuthDetails"},"runtime":"nodejs16","maxInstances":3000,"ingressSettings":"ALLOW_ALL","buildId":"09261d14-f5ee-482d-b2ec-1c504424524f","buildName":"projects/1033564104537/locations/us-central1/builds/09261d14-f5ee-482d-b2ec-1c504424524f","dockerRegistry":"ARTIFACT_REGISTRY"},{"name":"projects/trp-developement/locations/us-central1/functions/modifyUserClaims","eventTrigger":{"eventType":"providers/cloud.firestore/eventTypes/document.update","resource":"projects/trp-developement/databases/(default)/documents/Users/{userId}/Restricted/Details","service":"firestore.googleapis.com","failurePolicy":{}},"status":"ACTIVE","entryPoint":"modifyUserClaims","timeout":"60s","availableMemoryMb":256,"serviceAccountEmail":"trp-developement@appspot.gserviceaccount.com","updateTime":"2023-03-06T15:16:32.466Z","versionId":"14","labels":{"deployment-tool":"cli-firebase","firebase-functions-hash":"ccadb58f4a9888f21affbe967774e47294d0d902"},"sourceUploadUrl":"https://storage.googleapis.com/uploads-470454419165.us-central1.cloudfunctions.appspot.com/e07fda13-f9f4-447c-a01f-64270ba51682.zip","environmentVariables":{"FIREBASE_CONFIG":"{\"projectId\":\"trp-developement\",\"storageBucket\":\"trp-developement.appspot.com\",\"locationId\":\"europe-west\"}","GCLOUD_PROJECT":"trp-developement","EVENTARC_CLOUD_EVENT_SOURCE":"projects/trp-developement/locations/us-central1/functions/updateUserAuthDetails"},"runtime":"nodejs16","maxInstances":3000,"ingressSettings":"ALLOW_ALL","buildId":"09261d14-f5ee-482d-b2ec-1c504424524f","buildName":"projects/1033564104537/locations/us-central1/builds/09261d14-f5ee-482d-b2ec-1c504424524f","dockerRegistry":"ARTIFACT_REGISTRY"},{"name":"projects/trp-developement/locations/us-central1/functions/sendNotificationEmail","eventTrigger":{"eventType":"providers/cloud.firestore/eventTypes/document.create","resource":"projects/trp-developement/databases/(default)/documents/Clinics/{clinicId}","service":"firestore.googleapis.com","failurePolicy":{}},"status":"ACTIVE","entryPoint":"sendNotificationEmail","timeout":"60s","availableMemoryMb":256,"serviceAccountEmail":"trp-developement@appspot.gserviceaccount.com","updateTime":"2023-03-06T15:16:18.268Z","versionId":"10","labels":{"deployment-tool":"cli-firebase","firebase-functions-hash":"ccadb58f4a9888f21affbe967774e47294d0d902"},"sourceUploadUrl":"https://storage.googleapis.com/uploads-470454419165.us-central1.cloudfunctions.appspot.com/e07fda13-f9f4-447c-a01f-64270ba51682.zip","environmentVariables":{"FIREBASE_CONFIG":"{\"projectId\":\"trp-developement\",\"storageBucket\":\"trp-developement.appspot.com\",\"locationId\":\"europe-west\"}","GCLOUD_PROJECT":"trp-developement","EVENTARC_CLOUD_EVENT_SOURCE":"projects/trp-developement/locations/us-central1/functions/updateUserAuthDetails"},"runtime":"nodejs16","maxInstances":3000,"ingressSettings":"ALLOW_ALL","buildId":"09261d14-f5ee-482d-b2ec-1c504424524f","buildName":"projects/1033564104537/locations/us-central1/builds/09261d14-f5ee-482d-b2ec-1c504424524f","dockerRegistry":"ARTIFACT_REGISTRY"},{"name":"projects/trp-developement/locations/us-central1/functions/updateUserAuthDetails","eventTrigger":{"eventType":"providers/cloud.firestore/eventTypes/document.update","resource":"projects/trp-developement/databases/(default)/documents/Users/{userId}","service":"firestore.googleapis.com","failurePolicy":{}},"status":"ACTIVE","entryPoint":"updateUserAuthDetails","timeout":"60s","availableMemoryMb":256,"serviceAccountEmail":"trp-developement@appspot.gserviceaccount.com","updateTime":"2023-03-06T15:16:26.020Z","versionId":"11","labels":{"deployment-tool":"cli-firebase","firebase-functions-hash":"ccadb58f4a9888f21affbe967774e47294d0d902"},"sourceUploadUrl":"https://storage.googleapis.com/uploads-470454419165.us-central1.cloudfunctions.appspot.com/e07fda13-f9f4-447c-a01f-64270ba51682.zip","environmentVariables":{"FIREBASE_CONFIG":"{\"projectId\":\"trp-developement\",\"storageBucket\":\"trp-developement.appspot.com\",\"locationId\":\"europe-west\"}","GCLOUD_PROJECT":"trp-developement","EVENTARC_CLOUD_EVENT_SOURCE":"projects/trp-developement/locations/us-central1/functions/updateUserAuthDetails"},"runtime":"nodejs16","maxInstances":3000,"ingressSettings":"ALLOW_ALL","buildId":"09261d14-f5ee-482d-b2ec-1c504424524f","buildName":"projects/1033564104537/locations/us-central1/builds/09261d14-f5ee-482d-b2ec-1c504424524f","dockerRegistry":"ARTIFACT_REGISTRY"}]}
[debug] [2023-03-06T16:58:33.078Z] >>> [apiv2][query] GET https://cloudfunctions.googleapis.com/v2/projects/trp-developement/locations/-/functions filter=environment%3D%22GEN_2%22
[debug] [2023-03-06T16:58:34.160Z] <<< [apiv2][status] GET https://cloudfunctions.googleapis.com/v2/projects/trp-developement/locations/-/functions 200
[debug] [2023-03-06T16:58:34.161Z] <<< [apiv2][body] GET https://cloudfunctions.googleapis.com/v2/projects/trp-developement/locations/-/functions {}
[debug] [2023-03-06T16:58:34.187Z] >>> [apiv2][query] GET https://firebase.googleapis.com/v1beta1/projects/trp-developement [none]
[debug] [2023-03-06T16:58:34.653Z] <<< [apiv2][status] GET https://firebase.googleapis.com/v1beta1/projects/trp-developement 200
[debug] [2023-03-06T16:58:34.654Z] <<< [apiv2][body] GET https://firebase.googleapis.com/v1beta1/projects/trp-developement {"projectId":"trp-developement","projectNumber":"1033564104537","displayName":"TRP-Developement","name":"projects/trp-developement","resources":{"hostingSite":"trp-developement","storageBucket":"trp-developement.appspot.com","locationId":"europe-west"},"state":"ACTIVE","etag":"1_e50dc7d9-326c-4537-8f06-f154fcd31329"}
[debug] [2023-03-06T16:58:34.655Z] >>> [apiv2][query] GET https://firebase.googleapis.com/v1beta1/projects/trp-developement [none]
[debug] [2023-03-06T16:58:34.990Z] <<< [apiv2][status] GET https://firebase.googleapis.com/v1beta1/projects/trp-developement 200
[debug] [2023-03-06T16:58:34.991Z] <<< [apiv2][body] GET https://firebase.googleapis.com/v1beta1/projects/trp-developement {"projectId":"trp-developement","projectNumber":"1033564104537","displayName":"TRP-Developement","name":"projects/trp-developement","resources":{"hostingSite":"trp-developement","storageBucket":"trp-developement.appspot.com","locationId":"europe-west"},"state":"ACTIVE","etag":"1_e50dc7d9-326c-4537-8f06-f154fcd31329"}
[debug] [2023-03-06T16:58:34.992Z] >>> [apiv2][query] GET https://firebase.googleapis.com/v1beta1/projects/trp-developement [none]
[debug] [2023-03-06T16:58:36.203Z] <<< [apiv2][status] GET https://firebase.googleapis.com/v1beta1/projects/trp-developement 200
[debug] [2023-03-06T16:58:36.204Z] <<< [apiv2][body] GET https://firebase.googleapis.com/v1beta1/projects/trp-developement {"projectId":"trp-developement","projectNumber":"1033564104537","displayName":"TRP-Developement","name":"projects/trp-developement","resources":{"hostingSite":"trp-developement","storageBucket":"trp-developement.appspot.com","locationId":"europe-west"},"state":"ACTIVE","etag":"1_e50dc7d9-326c-4537-8f06-f154fcd31329"}
[debug] [2023-03-06T16:58:36.206Z] >>> [apiv2][query] GET https://firebase.googleapis.com/v1beta1/projects/trp-developement [none]
[debug] [2023-03-06T16:58:36.604Z] <<< [apiv2][status] GET https://firebase.googleapis.com/v1beta1/projects/trp-developement 200
[debug] [2023-03-06T16:58:36.605Z] <<< [apiv2][body] GET https://firebase.googleapis.com/v1beta1/projects/trp-developement {"projectId":"trp-developement","projectNumber":"1033564104537","displayName":"TRP-Developement","name":"projects/trp-developement","resources":{"hostingSite":"trp-developement","storageBucket":"trp-developement.appspot.com","locationId":"europe-west"},"state":"ACTIVE","etag":"1_e50dc7d9-326c-4537-8f06-f154fcd31329"}
[debug] [2023-03-06T16:58:36.618Z] >>> [apiv2][query] POST https://firebasehosting.googleapis.com/v1beta1/projects/-/sites/trp-developement/versions [none]
[debug] [2023-03-06T16:58:36.618Z] >>> [apiv2][body] POST https://firebasehosting.googleapis.com/v1beta1/projects/-/sites/trp-developement/versions {"status":"CREATED","labels":{"deployment-tool":"cli-firebase"}}
[debug] [2023-03-06T16:58:37.986Z] <<< [apiv2][status] POST https://firebasehosting.googleapis.com/v1beta1/projects/-/sites/trp-developement/versions 200
[debug] [2023-03-06T16:58:37.986Z] <<< [apiv2][body] POST https://firebasehosting.googleapis.com/v1beta1/projects/-/sites/trp-developement/versions {"name":"projects/1033564104537/sites/trp-developement/versions/d4dc5ad1270ebf30","status":"CREATED","config":{},"labels":{"deployment-tool":"cli-firebase"}}
[debug] [2023-03-06T16:58:37.992Z] >>> [apiv2][query] GET https://firebaserules.googleapis.com/v1/projects/trp-developement/releases pageSize=10&pageToken=
[debug] [2023-03-06T16:58:37.996Z] >>> [apiv2][query] GET https://firestore.googleapis.com/v1/projects/trp-developement/databases/(default)/collectionGroups/-/indexes [none]
[debug] [2023-03-06T16:58:38.404Z] <<< [apiv2][status] GET https://firestore.googleapis.com/v1/projects/trp-developement/databases/(default)/collectionGroups/-/indexes 200
[debug] [2023-03-06T16:58:38.404Z] <<< [apiv2][body] GET https://firestore.googleapis.com/v1/projects/trp-developement/databases/(default)/collectionGroups/-/indexes {}
[debug] [2023-03-06T16:58:38.405Z] >>> [apiv2][query] GET https://firestore.googleapis.com/v1/projects/trp-developement/databases/(default)/collectionGroups/-/fields?filter=indexConfig.usesAncestorConfig=false OR ttlConfig:* [none]
[debug] [2023-03-06T16:58:38.626Z] <<< [apiv2][status] GET https://firestore.googleapis.com/v1/projects/trp-developement/databases/(default)/collectionGroups/-/fields?filter=indexConfig.usesAncestorConfig=false OR ttlConfig:* 200
[debug] [2023-03-06T16:58:38.627Z] <<< [apiv2][body] GET https://firestore.googleapis.com/v1/projects/trp-developement/databases/(default)/collectionGroups/-/fields?filter=indexConfig.usesAncestorConfig=false OR ttlConfig:* {"fields":[{"name":"projects/trp-developement/databases/(default)/collectionGroups/__default__/fields/*","indexConfig":{"indexes":[{"queryScope":"COLLECTION","fields":[{"fieldPath":"*","order":"ASCENDING"}],"state":"READY"},{"queryScope":"COLLECTION","fields":[{"fieldPath":"*","order":"DESCENDING"}],"state":"READY"},{"queryScope":"COLLECTION","fields":[{"fieldPath":"*","arrayConfig":"CONTAINS"}],"state":"READY"}]}}]}
[info] +  firestore: deployed indexes in firestore.indexes.json successfully 
[debug] [2023-03-06T16:58:38.949Z] <<< [apiv2][status] GET https://firebaserules.googleapis.com/v1/projects/trp-developement/releases 200
[debug] [2023-03-06T16:58:38.950Z] <<< [apiv2][body] GET https://firebaserules.googleapis.com/v1/projects/trp-developement/releases {"releases":[{"name":"projects/trp-developement/releases/cloud.firestore","rulesetName":"projects/trp-developement/rulesets/ee846ae2-307c-468b-8899-e8378c851645","createTime":"2022-10-30T10:32:45.171252Z","updateTime":"2023-03-06T16:53:13.768105Z"}]}
[debug] [2023-03-06T16:58:38.951Z] >>> [apiv2][query] GET https://firebaserules.googleapis.com/v1/projects/trp-developement/rulesets/ee846ae2-307c-468b-8899-e8378c851645 [none]
[debug] [2023-03-06T16:58:39.733Z] <<< [apiv2][status] GET https://firebaserules.googleapis.com/v1/projects/trp-developement/rulesets/ee846ae2-307c-468b-8899-e8378c851645 200
[debug] [2023-03-06T16:58:39.734Z] <<< [apiv2][body] GET https://firebaserules.googleapis.com/v1/projects/trp-developement/rulesets/ee846ae2-307c-468b-8899-e8378c851645 [omitted]
[info] i  firestore: latest version of firestore.rules already up to date, skipping upload... 
[debug] [2023-03-06T16:58:39.746Z] >>> [apiv2][query] POST https://cloudfunctions.googleapis.com/v1/projects/trp-developement/locations/us-central1/functions:generateUploadUrl [none]
[debug] [2023-03-06T16:58:39.747Z] >>> [apiv2][body] POST https://cloudfunctions.googleapis.com/v1/projects/trp-developement/locations/us-central1/functions:generateUploadUrl {}
[debug] [2023-03-06T16:58:40.390Z] <<< [apiv2][status] POST https://cloudfunctions.googleapis.com/v1/projects/trp-developement/locations/us-central1/functions:generateUploadUrl 200
[debug] [2023-03-06T16:58:40.392Z] <<< [apiv2][body] POST https://cloudfunctions.googleapis.com/v1/projects/trp-developement/locations/us-central1/functions:generateUploadUrl {"uploadUrl":"https://storage.googleapis.com/uploads-470454419165.us-central1.cloudfunctions.appspot.com/81c986e5-7a71-4222-9bd1-c18a4649adac.zip?GoogleAccessId=service-1033564104537@gcf-admin-robot.iam.gserviceaccount.com&Expires=1678123720&Signature=doFiL6ph1vFOycDIhiaCuz3RI7%2B%2FN90jjk4SSJmy8Nsk4MH%2BEIVYgZ1UB4Mvu%2FaEPKfDKFhtB3f1%2FDBX9831z%2BewVicNgyN2CIclDxSG7JXsrwx1lvvW3VkeVqBxcM5hKIKzMpJ1vDreiDtJmodY70tK7YJKgdngEoNN5wkY1ixdndZpkT9TxXf0Jotoed%2FcCoe0p5uZE8q%2FdxrMXDT61vJMtzM0Wzy%2B5vTwHH6N6GzH9yYCqqwxhGxSIMZRLUd67C2sv2IpOhIwQZS9RdTwCezO4ZFRU83uP04uEn9RQqqI9MWbMbcBRu6rlh1VXiNfMWDDx1zs70utgLt8TcxZAA%3D%3D"}
[debug] [2023-03-06T16:58:40.395Z] >>> [apiv2][query] PUT https://storage.googleapis.com/uploads-470454419165.us-central1.cloudfunctions.appspot.com/81c986e5-7a71-4222-9bd1-c18a4649adac.zip GoogleAccessId=service-1033564104537%40gcf-admin-robot.iam.gserviceaccount.com&Expires=1678123720&Signature=doFiL6ph1vFOycDIhiaCuz3RI7%2B%2FN90jjk4SSJmy8Nsk4MH%2BEIVYgZ1UB4Mvu%2FaEPKfDKFhtB3f1%2FDBX9831z%2BewVicNgyN2CIclDxSG7JXsrwx1lvvW3VkeVqBxcM5hKIKzMpJ1vDreiDtJmodY70tK7YJKgdngEoNN5wkY1ixdndZpkT9TxXf0Jotoed%2FcCoe0p5uZE8q%2FdxrMXDT61vJMtzM0Wzy%2B5vTwHH6N6GzH9yYCqqwxhGxSIMZRLUd67C2sv2IpOhIwQZS9RdTwCezO4ZFRU83uP04uEn9RQqqI9MWbMbcBRu6rlh1VXiNfMWDDx1zs70utgLt8TcxZAA%3D%3D
[debug] [2023-03-06T16:58:40.395Z] >>> [apiv2][body] PUT https://storage.googleapis.com/uploads-470454419165.us-central1.cloudfunctions.appspot.com/81c986e5-7a71-4222-9bd1-c18a4649adac.zip [stream]
[debug] [2023-03-06T16:58:41.039Z] <<< [apiv2][status] PUT https://storage.googleapis.com/uploads-470454419165.us-central1.cloudfunctions.appspot.com/81c986e5-7a71-4222-9bd1-c18a4649adac.zip 200
[debug] [2023-03-06T16:58:41.040Z] <<< [apiv2][body] PUT https://storage.googleapis.com/uploads-470454419165.us-central1.cloudfunctions.appspot.com/81c986e5-7a71-4222-9bd1-c18a4649adac.zip [omitted]
[info] +  functions: functions folder uploaded successfully 
[info] i  hosting[trp-developement]: beginning deploy... 
[info] i  hosting[trp-developement]: found 15 files in build 
[debug] [2023-03-06T16:58:41.084Z] [hosting] uploading with 200 concurrency
[debug] [2023-03-06T16:58:42.988Z] [hosting] hash cache [YnVpbGQ] stored for 15 files
[debug] [2023-03-06T16:58:42.990Z] [hosting][hash queue][FINAL] {"max":1877,"min":8,"avg":163.6,"active":0,"complete":15,"success":15,"errored":0,"retried":0,"total":15,"elapsed":1897}
[debug] [2023-03-06T16:58:42.991Z] >>> [apiv2][query] POST https://firebasehosting.googleapis.com/v1beta1/projects/1033564104537/sites/trp-developement/versions/d4dc5ad1270ebf30:populateFiles [none]
[debug] [2023-03-06T16:58:42.992Z] >>> [apiv2][body] POST https://firebasehosting.googleapis.com/v1beta1/projects/1033564104537/sites/trp-developement/versions/d4dc5ad1270ebf30:populateFiles {"files":{"/favicon.ico":"eae62e993eb980ec8a25058c39d5a51feab118bd2100c4deebb2a9c158ec11f9","/logo192.png":"3ee59515172ee198f3be375979df15ac5345183e656720a381b8872b2a39dc8b","/logo512.png":"ee7e2f3fdb8209c4b6fd7bef6ba50d1b9dba30a25bb5c3126df057e1cb6f5331","/manifest.json":"aff3449bdc238776f5d6d967f19ec491b36aed5fb7f23ccff6500736fd58494a","/robots.txt":"bfe106a3fb878dc83461c86818bf74fc1bdc7f28538ba613cd3e775516ce8b49","/asset-manifest.json":"5373f0417c5c9b56b93276923d5bd1f5afd81154e4f648abaa904f1620b56763","/index.html":"708a68c3f5d385ab4e59e17d7e3a336f74c41b5eff3d91295af7056213085226","/static/js/787.9ab46092.chunk.js":"2a6de9fcde831647d3af63f2c7f1a5f4828538a85935e0593a84b2e085fe171a","/static/js/787.9ab46092.chunk.js.map":"41a43f98df4719427c25f30823bcf45ed304a6bee88434c51c7ba4168fcbccdd","/static/js/main.7d5b32be.js.LICENSE.txt":"b275b40b6e9e25fe717aff8b6ca015ed9661c48a12341b05d25b77b624934fbb","/static/css/main.ebbd0e69.css":"f42cc1dbd2ef650bdfdf6fcdc01ce2e805491b27331c8a7c6b36c86da9443c27","/static/media/logo.1d33c5605b5e5999f32d.png":"21d3008649ed19e97bbc17526b0319d77d0cf62a2c0d4db5cc25692e1c897245","/static/css/main.ebbd0e69.css.map":"aed75da317e946a3a74dca260dff655fc09910390562cd31d8bc3ca1b6adde1b","/static/js/main.7d5b32be.js":"dd6b814671ddf7910ed3be533783851a5d0b8b7b63fee7938be57be45b9e1fb5","/static/js/main.7d5b32be.js.map":"af214262868a1112a0a7dc8683d8ef9c997015c5c5f2bc4206e955825ef97640"}}
[debug] [2023-03-06T16:58:43.923Z] <<< [apiv2][status] POST https://firebasehosting.googleapis.com/v1beta1/projects/1033564104537/sites/trp-developement/versions/d4dc5ad1270ebf30:populateFiles 200
[debug] [2023-03-06T16:58:43.923Z] <<< [apiv2][body] POST https://firebasehosting.googleapis.com/v1beta1/projects/1033564104537/sites/trp-developement/versions/d4dc5ad1270ebf30:populateFiles {"uploadUrl":"https://upload-firebasehosting.googleapis.com/upload/sites/trp-developement/versions/d4dc5ad1270ebf30/files"}
[debug] [2023-03-06T16:58:43.924Z] [hosting][populate queue][FINAL] {"max":940,"min":940,"avg":940,"active":0,"complete":1,"success":1,"errored":0,"retried":0,"total":1,"elapsed":940}
[debug] [2023-03-06T16:58:43.925Z] [hosting] uploads queued: 0
[debug] [2023-03-06T16:58:43.925Z] [hosting][upload queue][FINAL] {"max":0,"min":9999999999,"avg":0,"active":0,"complete":0,"success":0,"errored":0,"retried":0,"total":0,"elapsed":1678121923925}
[info] +  hosting[trp-developement]: file upload complete 
[debug] [2023-03-06T16:58:43.930Z] [hosting] deploy completed after 2881ms
[debug] [2023-03-06T16:58:43.939Z] [rules] releasing cloud.firestore with ruleset projects/trp-developement/rulesets/ee846ae2-307c-468b-8899-e8378c851645
[debug] [2023-03-06T16:58:43.941Z] >>> [apiv2][query] PATCH https://firebaserules.googleapis.com/v1/projects/trp-developement/releases/cloud.firestore [none]
[debug] [2023-03-06T16:58:43.942Z] >>> [apiv2][body] PATCH https://firebaserules.googleapis.com/v1/projects/trp-developement/releases/cloud.firestore {"release":{"name":"projects/trp-developement/releases/cloud.firestore","rulesetName":"projects/trp-developement/rulesets/ee846ae2-307c-468b-8899-e8378c851645"}}
[debug] [2023-03-06T16:58:45.121Z] <<< [apiv2][status] PATCH https://firebaserules.googleapis.com/v1/projects/trp-developement/releases/cloud.firestore 200
[debug] [2023-03-06T16:58:45.121Z] <<< [apiv2][body] PATCH https://firebaserules.googleapis.com/v1/projects/trp-developement/releases/cloud.firestore {"name":"projects/trp-developement/releases/cloud.firestore","rulesetName":"projects/trp-developement/rulesets/ee846ae2-307c-468b-8899-e8378c851645","createTime":"2022-10-30T10:32:45.171252Z","updateTime":"2023-03-06T16:58:45.184091Z"}
[debug] [2023-03-06T16:58:45.122Z] [rules] updated release projects/trp-developement/releases/cloud.firestore
[info] +  firestore: released rules firestore.rules to cloud.firestore 
[info] i  functions: updating Node.js 16 function sendNotificationEmail(us-central1)... 
[info] i  functions: updating Node.js 16 function addDefaultUserClaims(us-central1)... 
[info] i  functions: updating Node.js 16 function modifyUserClaims(us-central1)... 
[info] i  functions: updating Node.js 16 function updateUserAuthDetails(us-central1)... 
[debug] [2023-03-06T16:58:45.149Z] >>> [apiv2][query] PATCH https://cloudfunctions.googleapis.com/v1/projects/trp-developement/locations/us-central1/functions/sendNotificationEmail updateMask=name%2CsourceUploadUrl%2CentryPoint%2Cruntime%2CdockerRegistry%2Clabels%2CeventTrigger.eventType%2CeventTrigger.resource%2CeventTrigger.failurePolicy%2CenvironmentVariables%2CavailableMemoryMb%2CsourceToken
[debug] [2023-03-06T16:58:45.150Z] >>> [apiv2][body] PATCH https://cloudfunctions.googleapis.com/v1/projects/trp-developement/locations/us-central1/functions/sendNotificationEmail {"name":"projects/trp-developement/locations/us-central1/functions/sendNotificationEmail","sourceUploadUrl":"https://storage.googleapis.com/uploads-470454419165.us-central1.cloudfunctions.appspot.com/81c986e5-7a71-4222-9bd1-c18a4649adac.zip?GoogleAccessId=service-1033564104537@gcf-admin-robot.iam.gserviceaccount.com&Expires=1678123720&Signature=doFiL6ph1vFOycDIhiaCuz3RI7%2B%2FN90jjk4SSJmy8Nsk4MH%2BEIVYgZ1UB4Mvu%2FaEPKfDKFhtB3f1%2FDBX9831z%2BewVicNgyN2CIclDxSG7JXsrwx1lvvW3VkeVqBxcM5hKIKzMpJ1vDreiDtJmodY70tK7YJKgdngEoNN5wkY1ixdndZpkT9TxXf0Jotoed%2FcCoe0p5uZE8q%2FdxrMXDT61vJMtzM0Wzy%2B5vTwHH6N6GzH9yYCqqwxhGxSIMZRLUd67C2sv2IpOhIwQZS9RdTwCezO4ZFRU83uP04uEn9RQqqI9MWbMbcBRu6rlh1VXiNfMWDDx1zs70utgLt8TcxZAA%3D%3D","entryPoint":"sendNotificationEmail","runtime":"nodejs16","dockerRegistry":"ARTIFACT_REGISTRY","labels":{"deployment-tool":"cli-firebase","firebase-functions-hash":"321c5e6f4fae9ddcf7166840d33bb602c90b8107"},"eventTrigger":{"eventType":"providers/cloud.firestore/eventTypes/document.create","resource":"projects/trp-developement/databases/(default)/documents/Clinics/{clinicId}"},"environmentVariables":{"FIREBASE_CONFIG":"{\"projectId\":\"trp-developement\",\"storageBucket\":\"trp-developement.appspot.com\",\"locationId\":\"europe-west\"}","GCLOUD_PROJECT":"trp-developement","EVENTARC_CLOUD_EVENT_SOURCE":"projects/trp-developement/locations/us-central1/functions/updateUserAuthDetails"},"availableMemoryMb":256}
[debug] [2023-03-06T16:58:45.815Z] <<< [apiv2][status] PATCH https://cloudfunctions.googleapis.com/v1/projects/trp-developement/locations/us-central1/functions/sendNotificationEmail 200
[debug] [2023-03-06T16:58:45.815Z] <<< [apiv2][body] PATCH https://cloudfunctions.googleapis.com/v1/projects/trp-developement/locations/us-central1/functions/sendNotificationEmail {"name":"operations/dHJwLWRldmVsb3BlbWVudC91cy1jZW50cmFsMS9zZW5kTm90aWZpY2F0aW9uRW1haWwvRXpyOElpS0l6eDA","metadata":{"@type":"type.googleapis.com/google.cloud.functions.v1.OperationMetadataV1","target":"projects/trp-developement/locations/us-central1/functions/sendNotificationEmail","type":"UPDATE_FUNCTION","request":{"@type":"type.googleapis.com/google.cloud.functions.v1.CloudFunction","name":"projects/trp-developement/locations/us-central1/functions/sendNotificationEmail","eventTrigger":{"eventType":"providers/cloud.firestore/eventTypes/document.create","resource":"projects/trp-developement/databases/(default)/documents/Clinics/{clinicId}","service":"firestore.googleapis.com"},"status":"ACTIVE","entryPoint":"sendNotificationEmail","timeout":"60s","availableMemoryMb":256,"serviceAccountEmail":"trp-developement@appspot.gserviceaccount.com","updateTime":"2023-03-06T15:16:18.268Z","versionId":"10","labels":{"deployment-tool":"cli-firebase","firebase-functions-hash":"321c5e6f4fae9ddcf7166840d33bb602c90b8107"},"sourceUploadUrl":"https://storage.googleapis.com/uploads-470454419165.us-central1.cloudfunctions.appspot.com/81c986e5-7a71-4222-9bd1-c18a4649adac.zip?GoogleAccessId=service-1033564104537@gcf-admin-robot.iam.gserviceaccount.com&Expires=1678123720&Signature=doFiL6ph1vFOycDIhiaCuz3RI7%2B%2FN90jjk4SSJmy8Nsk4MH%2BEIVYgZ1UB4Mvu%2FaEPKfDKFhtB3f1%2FDBX9831z%2BewVicNgyN2CIclDxSG7JXsrwx1lvvW3VkeVqBxcM5hKIKzMpJ1vDreiDtJmodY70tK7YJKgdngEoNN5wkY1ixdndZpkT9TxXf0Jotoed%2FcCoe0p5uZE8q%2FdxrMXDT61vJMtzM0Wzy%2B5vTwHH6N6GzH9yYCqqwxhGxSIMZRLUd67C2sv2IpOhIwQZS9RdTwCezO4ZFRU83uP04uEn9RQqqI9MWbMbcBRu6rlh1VXiNfMWDDx1zs70utgLt8TcxZAA%3D%3D","environmentVariables":{"FIREBASE_CONFIG":"{\"projectId\":\"trp-developement\",\"storageBucket\":\"trp-developement.appspot.com\",\"locationId\":\"europe-west\"}","GCLOUD_PROJECT":"trp-developement","EVENTARC_CLOUD_EVENT_SOURCE":"projects/trp-developement/locations/us-central1/functions/updateUserAuthDetails"},"runtime":"nodejs16","maxInstances":3000,"ingressSettings":"ALLOW_ALL","buildId":"09261d14-f5ee-482d-b2ec-1c504424524f","buildName":"projects/1033564104537/locations/us-central1/builds/09261d14-f5ee-482d-b2ec-1c504424524f","dockerRegistry":"ARTIFACT_REGISTRY"},"versionId":"11","updateTime":"2023-03-06T16:58:45Z"}}
[debug] [2023-03-06T16:58:45.819Z] >>> [apiv2][query] GET https://cloudfunctions.googleapis.com/v1/operations/dHJwLWRldmVsb3BlbWVudC91cy1jZW50cmFsMS9zZW5kTm90aWZpY2F0aW9uRW1haWwvRXpyOElpS0l6eDA [none]
[debug] [2023-03-06T16:58:46.291Z] <<< [apiv2][status] GET https://cloudfunctions.googleapis.com/v1/operations/dHJwLWRldmVsb3BlbWVudC91cy1jZW50cmFsMS9zZW5kTm90aWZpY2F0aW9uRW1haWwvRXpyOElpS0l6eDA 200
[debug] [2023-03-06T16:58:46.292Z] <<< [apiv2][body] GET https://cloudfunctions.googleapis.com/v1/operations/dHJwLWRldmVsb3BlbWVudC91cy1jZW50cmFsMS9zZW5kTm90aWZpY2F0aW9uRW1haWwvRXpyOElpS0l6eDA {"name":"operations/dHJwLWRldmVsb3BlbWVudC91cy1jZW50cmFsMS9zZW5kTm90aWZpY2F0aW9uRW1haWwvRXpyOElpS0l6eDA","metadata":{"@type":"type.googleapis.com/google.cloud.functions.v1.OperationMetadataV1","target":"projects/trp-developement/locations/us-central1/functions/sendNotificationEmail","type":"UPDATE_FUNCTION","request":{"@type":"type.googleapis.com/google.cloud.functions.v1.CloudFunction","name":"projects/trp-developement/locations/us-central1/functions/sendNotificationEmail","eventTrigger":{"eventType":"providers/cloud.firestore/eventTypes/document.create","resource":"projects/trp-developement/databases/(default)/documents/Clinics/{clinicId}","service":"firestore.googleapis.com"},"status":"ACTIVE","entryPoint":"sendNotificationEmail","timeout":"60s","availableMemoryMb":256,"serviceAccountEmail":"trp-developement@appspot.gserviceaccount.com","updateTime":"2023-03-06T15:16:18.268Z","versionId":"10","labels":{"deployment-tool":"cli-firebase","firebase-functions-hash":"321c5e6f4fae9ddcf7166840d33bb602c90b8107"},"sourceUploadUrl":"https://storage.googleapis.com/uploads-470454419165.us-central1.cloudfunctions.appspot.com/81c986e5-7a71-4222-9bd1-c18a4649adac.zip?GoogleAccessId=service-1033564104537@gcf-admin-robot.iam.gserviceaccount.com&Expires=1678123720&Signature=doFiL6ph1vFOycDIhiaCuz3RI7%2B%2FN90jjk4SSJmy8Nsk4MH%2BEIVYgZ1UB4Mvu%2FaEPKfDKFhtB3f1%2FDBX9831z%2BewVicNgyN2CIclDxSG7JXsrwx1lvvW3VkeVqBxcM5hKIKzMpJ1vDreiDtJmodY70tK7YJKgdngEoNN5wkY1ixdndZpkT9TxXf0Jotoed%2FcCoe0p5uZE8q%2FdxrMXDT61vJMtzM0Wzy%2B5vTwHH6N6GzH9yYCqqwxhGxSIMZRLUd67C2sv2IpOhIwQZS9RdTwCezO4ZFRU83uP04uEn9RQqqI9MWbMbcBRu6rlh1VXiNfMWDDx1zs70utgLt8TcxZAA%3D%3D","environmentVariables":{"FIREBASE_CONFIG":"{\"projectId\":\"trp-developement\",\"storageBucket\":\"trp-developement.appspot.com\",\"locationId\":\"europe-west\"}","GCLOUD_PROJECT":"trp-developement","EVENTARC_CLOUD_EVENT_SOURCE":"projects/trp-developement/locations/us-central1/functions/updateUserAuthDetails"},"runtime":"nodejs16","maxInstances":3000,"ingressSettings":"ALLOW_ALL","buildId":"09261d14-f5ee-482d-b2ec-1c504424524f","buildName":"projects/1033564104537/locations/us-central1/builds/09261d14-f5ee-482d-b2ec-1c504424524f","dockerRegistry":"ARTIFACT_REGISTRY"},"versionId":"11","updateTime":"2023-03-06T16:58:46Z"}}
[debug] [2023-03-06T16:58:46.797Z] [update-default-us-central1-sendNotificationEmail] Retrying task index 0
[debug] [2023-03-06T16:58:46.798Z] >>> [apiv2][query] GET https://cloudfunctions.googleapis.com/v1/operations/dHJwLWRldmVsb3BlbWVudC91cy1jZW50cmFsMS9zZW5kTm90aWZpY2F0aW9uRW1haWwvRXpyOElpS0l6eDA [none]
[debug] [2023-03-06T16:58:47.145Z] <<< [apiv2][status] GET https://cloudfunctions.googleapis.com/v1/operations/dHJwLWRldmVsb3BlbWVudC91cy1jZW50cmFsMS9zZW5kTm90aWZpY2F0aW9uRW1haWwvRXpyOElpS0l6eDA 200
[debug] [2023-03-06T16:58:47.145Z] <<< [apiv2][body] GET https://cloudfunctions.googleapis.com/v1/operations/dHJwLWRldmVsb3BlbWVudC91cy1jZW50cmFsMS9zZW5kTm90aWZpY2F0aW9uRW1haWwvRXpyOElpS0l6eDA {"name":"operations/dHJwLWRldmVsb3BlbWVudC91cy1jZW50cmFsMS9zZW5kTm90aWZpY2F0aW9uRW1haWwvRXpyOElpS0l6eDA","metadata":{"@type":"type.googleapis.com/google.cloud.functions.v1.OperationMetadataV1","target":"projects/trp-developement/locations/us-central1/functions/sendNotificationEmail","type":"UPDATE_FUNCTION","request":{"@type":"type.googleapis.com/google.cloud.functions.v1.CloudFunction","name":"projects/trp-developement/locations/us-central1/functions/sendNotificationEmail","eventTrigger":{"eventType":"providers/cloud.firestore/eventTypes/document.create","resource":"projects/trp-developement/databases/(default)/documents/Clinics/{clinicId}","service":"firestore.googleapis.com"},"status":"ACTIVE","entryPoint":"sendNotificationEmail","timeout":"60s","availableMemoryMb":256,"serviceAccountEmail":"trp-developement@appspot.gserviceaccount.com","updateTime":"2023-03-06T15:16:18.268Z","versionId":"10","labels":{"deployment-tool":"cli-firebase","firebase-functions-hash":"321c5e6f4fae9ddcf7166840d33bb602c90b8107"},"sourceUploadUrl":"https://storage.googleapis.com/uploads-470454419165.us-central1.cloudfunctions.appspot.com/81c986e5-7a71-4222-9bd1-c18a4649adac.zip?GoogleAccessId=service-1033564104537@gcf-admin-robot.iam.gserviceaccount.com&Expires=1678123720&Signature=doFiL6ph1vFOycDIhiaCuz3RI7%2B%2FN90jjk4SSJmy8Nsk4MH%2BEIVYgZ1UB4Mvu%2FaEPKfDKFhtB3f1%2FDBX9831z%2BewVicNgyN2CIclDxSG7JXsrwx1lvvW3VkeVqBxcM5hKIKzMpJ1vDreiDtJmodY70tK7YJKgdngEoNN5wkY1ixdndZpkT9TxXf0Jotoed%2FcCoe0p5uZE8q%2FdxrMXDT61vJMtzM0Wzy%2B5vTwHH6N6GzH9yYCqqwxhGxSIMZRLUd67C2sv2IpOhIwQZS9RdTwCezO4ZFRU83uP04uEn9RQqqI9MWbMbcBRu6rlh1VXiNfMWDDx1zs70utgLt8TcxZAA%3D%3D","environmentVariables":{"FIREBASE_CONFIG":"{\"projectId\":\"trp-developement\",\"storageBucket\":\"trp-developement.appspot.com\",\"locationId\":\"europe-west\"}","GCLOUD_PROJECT":"trp-developement","EVENTARC_CLOUD_EVENT_SOURCE":"projects/trp-developement/locations/us-central1/functions/updateUserAuthDetails"},"runtime":"nodejs16","maxInstances":3000,"ingressSettings":"ALLOW_ALL","buildId":"09261d14-f5ee-482d-b2ec-1c504424524f","buildName":"projects/1033564104537/locations/us-central1/builds/09261d14-f5ee-482d-b2ec-1c504424524f","dockerRegistry":"ARTIFACT_REGISTRY"},"versionId":"11","updateTime":"2023-03-06T16:58:46Z","buildId":"64f156d7-73bc-4756-8605-e278ead039c8","buildName":"projects/1033564104537/locations/us-central1/builds/64f156d7-73bc-4756-8605-e278ead039c8"}}
[debug] [2023-03-06T16:58:48.154Z] [update-default-us-central1-sendNotificationEmail] Retrying task index 0
[debug] [2023-03-06T16:58:48.156Z] >>> [apiv2][query] GET https://cloudfunctions.googleapis.com/v1/operations/dHJwLWRldmVsb3BlbWVudC91cy1jZW50cmFsMS9zZW5kTm90aWZpY2F0aW9uRW1haWwvRXpyOElpS0l6eDA [none]
[debug] [2023-03-06T16:58:48.501Z] <<< [apiv2][status] GET https://cloudfunctions.googleapis.com/v1/operations/dHJwLWRldmVsb3BlbWVudC91cy1jZW50cmFsMS9zZW5kTm90aWZpY2F0aW9uRW1haWwvRXpyOElpS0l6eDA 200
[debug] [2023-03-06T16:58:48.502Z] <<< [apiv2][body] GET https://cloudfunctions.googleapis.com/v1/operations/dHJwLWRldmVsb3BlbWVudC91cy1jZW50cmFsMS9zZW5kTm90aWZpY2F0aW9uRW1haWwvRXpyOElpS0l6eDA {"name":"operations/dHJwLWRldmVsb3BlbWVudC91cy1jZW50cmFsMS9zZW5kTm90aWZpY2F0aW9uRW1haWwvRXpyOElpS0l6eDA","metadata":{"@type":"type.googleapis.com/google.cloud.functions.v1.OperationMetadataV1","target":"projects/trp-developement/locations/us-central1/functions/sendNotificationEmail","type":"UPDATE_FUNCTION","request":{"@type":"type.googleapis.com/google.cloud.functions.v1.CloudFunction","name":"projects/trp-developement/locations/us-central1/functions/sendNotificationEmail","eventTrigger":{"eventType":"providers/cloud.firestore/eventTypes/document.create","resource":"projects/trp-developement/databases/(default)/documents/Clinics/{clinicId}","service":"firestore.googleapis.com"},"status":"ACTIVE","entryPoint":"sendNotificationEmail","timeout":"60s","availableMemoryMb":256,"serviceAccountEmail":"trp-developement@appspot.gserviceaccount.com","updateTime":"2023-03-06T15:16:18.268Z","versionId":"10","labels":{"deployment-tool":"cli-firebase","firebase-functions-hash":"321c5e6f4fae9ddcf7166840d33bb602c90b8107"},"sourceUploadUrl":"https://storage.googleapis.com/uploads-470454419165.us-central1.cloudfunctions.appspot.com/81c986e5-7a71-4222-9bd1-c18a4649adac.zip?GoogleAccessId=service-1033564104537@gcf-admin-robot.iam.gserviceaccount.com&Expires=1678123720&Signature=doFiL6ph1vFOycDIhiaCuz3RI7%2B%2FN90jjk4SSJmy8Nsk4MH%2BEIVYgZ1UB4Mvu%2FaEPKfDKFhtB3f1%2FDBX9831z%2BewVicNgyN2CIclDxSG7JXsrwx1lvvW3VkeVqBxcM5hKIKzMpJ1vDreiDtJmodY70tK7YJKgdngEoNN5wkY1ixdndZpkT9TxXf0Jotoed%2FcCoe0p5uZE8q%2FdxrMXDT61vJMtzM0Wzy%2B5vTwHH6N6GzH9yYCqqwxhGxSIMZRLUd67C2sv2IpOhIwQZS9RdTwCezO4ZFRU83uP04uEn9RQqqI9MWbMbcBRu6rlh1VXiNfMWDDx1zs70utgLt8TcxZAA%3D%3D","environmentVariables":{"FIREBASE_CONFIG":"{\"projectId\":\"trp-developement\",\"storageBucket\":\"trp-developement.appspot.com\",\"locationId\":\"europe-west\"}","GCLOUD_PROJECT":"trp-developement","EVENTARC_CLOUD_EVENT_SOURCE":"projects/trp-developement/locations/us-central1/functions/updateUserAuthDetails"},"runtime":"nodejs16","maxInstances":3000,"ingressSettings":"ALLOW_ALL","buildId":"09261d14-f5ee-482d-b2ec-1c504424524f","buildName":"projects/1033564104537/locations/us-central1/builds/09261d14-f5ee-482d-b2ec-1c504424524f","dockerRegistry":"ARTIFACT_REGISTRY"},"versionId":"11","updateTime":"2023-03-06T16:58:46Z","buildId":"64f156d7-73bc-4756-8605-e278ead039c8","buildName":"projects/1033564104537/locations/us-central1/builds/64f156d7-73bc-4756-8605-e278ead039c8"}}
[debug] [2023-03-06T16:58:50.510Z] [update-default-us-central1-sendNotificationEmail] Retrying task index 0
[debug] [2023-03-06T16:58:50.515Z] >>> [apiv2][query] GET https://cloudfunctions.googleapis.com/v1/operations/dHJwLWRldmVsb3BlbWVudC91cy1jZW50cmFsMS9zZW5kTm90aWZpY2F0aW9uRW1haWwvRXpyOElpS0l6eDA [none]
[debug] [2023-03-06T16:58:50.936Z] <<< [apiv2][status] GET https://cloudfunctions.googleapis.com/v1/operations/dHJwLWRldmVsb3BlbWVudC91cy1jZW50cmFsMS9zZW5kTm90aWZpY2F0aW9uRW1haWwvRXpyOElpS0l6eDA 200
[debug] [2023-03-06T16:58:50.937Z] <<< [apiv2][body] GET https://cloudfunctions.googleapis.com/v1/operations/dHJwLWRldmVsb3BlbWVudC91cy1jZW50cmFsMS9zZW5kTm90aWZpY2F0aW9uRW1haWwvRXpyOElpS0l6eDA {"name":"operations/dHJwLWRldmVsb3BlbWVudC91cy1jZW50cmFsMS9zZW5kTm90aWZpY2F0aW9uRW1haWwvRXpyOElpS0l6eDA","metadata":{"@type":"type.googleapis.com/google.cloud.functions.v1.OperationMetadataV1","target":"projects/trp-developement/locations/us-central1/functions/sendNotificationEmail","type":"UPDATE_FUNCTION","request":{"@type":"type.googleapis.com/google.cloud.functions.v1.CloudFunction","name":"projects/trp-developement/locations/us-central1/functions/sendNotificationEmail","eventTrigger":{"eventType":"providers/cloud.firestore/eventTypes/document.create","resource":"projects/trp-developement/databases/(default)/documents/Clinics/{clinicId}","service":"firestore.googleapis.com"},"status":"ACTIVE","entryPoint":"sendNotificationEmail","timeout":"60s","availableMemoryMb":256,"serviceAccountEmail":"trp-developement@appspot.gserviceaccount.com","updateTime":"2023-03-06T15:16:18.268Z","versionId":"10","labels":{"deployment-tool":"cli-firebase","firebase-functions-hash":"321c5e6f4fae9ddcf7166840d33bb602c90b8107"},"sourceUploadUrl":"https://storage.googleapis.com/uploads-470454419165.us-central1.cloudfunctions.appspot.com/81c986e5-7a71-4222-9bd1-c18a4649adac.zip?GoogleAccessId=service-1033564104537@gcf-admin-robot.iam.gserviceaccount.com&Expires=1678123720&Signature=doFiL6ph1vFOycDIhiaCuz3RI7%2B%2FN90jjk4SSJmy8Nsk4MH%2BEIVYgZ1UB4Mvu%2FaEPKfDKFhtB3f1%2FDBX9831z%2BewVicNgyN2CIclDxSG7JXsrwx1lvvW3VkeVqBxcM5hKIKzMpJ1vDreiDtJmodY70tK7YJKgdngEoNN5wkY1ixdndZpkT9TxXf0Jotoed%2FcCoe0p5uZE8q%2FdxrMXDT61vJMtzM0Wzy%2B5vTwHH6N6GzH9yYCqqwxhGxSIMZRLUd67C2sv2IpOhIwQZS9RdTwCezO4ZFRU83uP04uEn9RQqqI9MWbMbcBRu6rlh1VXiNfMWDDx1zs70utgLt8TcxZAA%3D%3D","environmentVariables":{"FIREBASE_CONFIG":"{\"projectId\":\"trp-developement\",\"storageBucket\":\"trp-developement.appspot.com\",\"locationId\":\"europe-west\"}","GCLOUD_PROJECT":"trp-developement","EVENTARC_CLOUD_EVENT_SOURCE":"projects/trp-developement/locations/us-central1/functions/updateUserAuthDetails"},"runtime":"nodejs16","maxInstances":3000,"ingressSettings":"ALLOW_ALL","buildId":"09261d14-f5ee-482d-b2ec-1c504424524f","buildName":"projects/1033564104537/locations/us-central1/builds/09261d14-f5ee-482d-b2ec-1c504424524f","dockerRegistry":"ARTIFACT_REGISTRY"},"versionId":"11","updateTime":"2023-03-06T16:58:46Z","buildId":"64f156d7-73bc-4756-8605-e278ead039c8","buildName":"projects/1033564104537/locations/us-central1/builds/64f156d7-73bc-4756-8605-e278ead039c8"}}
